<?xml version="1.0" encoding="UTF-8"?>
<testng-results ignored="0" total="1" passed="1" failed="0" skipped="0">
  <reporter-output>
    <line>
      <![CDATA[Setting up reports and Test started]]>
    </line>
    <line>
      <![CDATA[Settings done- Test can be started]]>
    </line>
    <line>
      <![CDATA[Trying to start Browser and Getting application ready]]>
    </line>
    <line>
      <![CDATA[Browser and application is up and running]]>
    </line>
    <line>
      <![CDATA[Test is about to end]]>
    </line>
    <line>
      <![CDATA[Test completed >>> Reports generated]]>
    </line>
  </reporter-output>
  <suite started-at="2023-02-17T02:19:43 IST" name="Suite" finished-at="2023-02-17T02:19:54 IST" duration-ms="10830">
    <groups>
    </groups>
    <test started-at="2023-02-17T02:19:43 IST" name="Test" finished-at="2023-02-17T02:19:54 IST" duration-ms="10830">
      <class name="com.automation1.testcases.LoginApp">
        <test-method is-config="true" signature="setUpSuite()[pri:0, instance:com.automation1.testcases.LoginApp@11392934]" started-at="2023-02-17T02:19:42 IST" name="setUpSuite" finished-at="2023-02-17T02:19:43 IST" duration-ms="1028" status="PASS">
          <reporter-output>
            <line>
              <![CDATA[Setting up reports and Test started]]>
            </line>
            <line>
              <![CDATA[Settings done- Test can be started]]>
            </line>
          </reporter-output>
        </test-method> <!-- setUpSuite -->
        <test-method is-config="true" signature="setup()[pri:0, instance:com.automation1.testcases.LoginApp@11392934]" started-at="2023-02-17T02:19:43 IST" name="setup" finished-at="2023-02-17T02:19:48 IST" duration-ms="4435" status="PASS">
          <reporter-output>
            <line>
              <![CDATA[Trying to start Browser and Getting application ready]]>
            </line>
            <line>
              <![CDATA[Browser and application is up and running]]>
            </line>
          </reporter-output>
        </test-method> <!-- setup -->
        <test-method signature="logApp()[pri:0, instance:com.automation1.testcases.LoginApp@11392934]" started-at="2023-02-17T02:19:48 IST" name="logApp" finished-at="2023-02-17T02:19:53 IST" duration-ms="5269" status="PASS">
          <reporter-output>
          </reporter-output>
        </test-method> <!-- logApp -->
        <test-method is-config="true" signature="tearDownMethod(org.testng.ITestResult)[pri:0, instance:com.automation1.testcases.LoginApp@11392934]" started-at="2023-02-17T02:19:53 IST" name="tearDownMethod" finished-at="2023-02-17T02:19:54 IST" duration-ms="810" status="PASS">
          <params>
            <param index="0">
              <value>
                <![CDATA[[TestResult name=logApp status=SUCCESS method=LoginApp.logApp()[pri:0, instance:com.automation1.testcases.LoginApp@11392934] output={null}]]]>
              </value>
            </param>
          </params>
          <reporter-output>
            <line>
              <![CDATA[Test is about to end]]>
            </line>
            <line>
              <![CDATA[Test completed >>> Reports generated]]>
            </line>
          </reporter-output>
        </test-method> <!-- tearDownMethod -->
        <test-method is-config="true" signature="tearDown()[pri:0, instance:com.automation1.testcases.LoginApp@11392934]" started-at="2023-02-17T02:19:54 IST" name="tearDown" finished-at="2023-02-17T02:19:54 IST" duration-ms="262" status="PASS">
          <reporter-output>
          </reporter-output>
        </test-method> <!-- tearDown -->
      </class> <!-- com.automation1.testcases.LoginApp -->
    </test> <!-- Test -->
  </suite> <!-- Suite -->
</testng-results>
