<?xml version="1.0" encoding="UTF-8"?>
<testng-results ignored="0" total="1" passed="1" failed="0" skipped="0">
  <reporter-output>
    <line>
      <![CDATA[Setting up reports and Test started]]>
    </line>
    <line>
      <![CDATA[Settings done- Test can be started]]>
    </line>
    <line>
      <![CDATA[Trying to start Browser and Getting application ready]]>
    </line>
    <line>
      <![CDATA[Browser and application is up and running]]>
    </line>
    <line>
      <![CDATA[Test is about to end]]>
    </line>
    <line>
      <![CDATA[Test completed >>> Reports generated]]>
    </line>
  </reporter-output>
  <suite started-at="2023-02-11T19:41:45 IST" name="Default suite" finished-at="2023-02-11T19:42:01 IST" duration-ms="16246">
    <groups>
    </groups>
    <test started-at="2023-02-11T19:41:45 IST" name="Default test" finished-at="2023-02-11T19:42:01 IST" duration-ms="16246">
      <class name="com.automation1.testcases.LoginApp">
        <test-method is-config="true" signature="setUpSuite()[pri:0, instance:com.automation1.testcases.LoginApp@506ae4d4]" started-at="2023-02-11T19:41:44 IST" name="setUpSuite" finished-at="2023-02-11T19:41:45 IST" duration-ms="653" status="PASS">
          <reporter-output>
            <line>
              <![CDATA[Setting up reports and Test started]]>
            </line>
            <line>
              <![CDATA[Settings done- Test can be started]]>
            </line>
          </reporter-output>
        </test-method> <!-- setUpSuite -->
        <test-method is-config="true" signature="setup()[pri:0, instance:com.automation1.testcases.LoginApp@506ae4d4]" started-at="2023-02-11T19:41:45 IST" name="setup" finished-at="2023-02-11T19:41:53 IST" duration-ms="7696" status="PASS">
          <reporter-output>
            <line>
              <![CDATA[Trying to start Browser and Getting application ready]]>
            </line>
            <line>
              <![CDATA[Browser and application is up and running]]>
            </line>
          </reporter-output>
        </test-method> <!-- setup -->
        <test-method signature="logApp()[pri:0, instance:com.automation1.testcases.LoginApp@506ae4d4]" started-at="2023-02-11T19:41:53 IST" name="logApp" finished-at="2023-02-11T19:42:00 IST" duration-ms="7752" status="PASS">
          <reporter-output>
          </reporter-output>
        </test-method> <!-- logApp -->
        <test-method is-config="true" signature="tearDownMethod(org.testng.ITestResult)[pri:0, instance:com.automation1.testcases.LoginApp@506ae4d4]" started-at="2023-02-11T19:42:00 IST" name="tearDownMethod" finished-at="2023-02-11T19:42:01 IST" duration-ms="521" status="PASS">
          <params>
            <param index="0">
              <value>
                <![CDATA[[TestResult name=logApp status=SUCCESS method=LoginApp.logApp()[pri:0, instance:com.automation1.testcases.LoginApp@506ae4d4] output={null}]]]>
              </value>
            </param>
          </params>
          <reporter-output>
            <line>
              <![CDATA[Test is about to end]]>
            </line>
            <line>
              <![CDATA[Test completed >>> Reports generated]]>
            </line>
          </reporter-output>
        </test-method> <!-- tearDownMethod -->
        <test-method is-config="true" signature="tearDown()[pri:0, instance:com.automation1.testcases.LoginApp@506ae4d4]" started-at="2023-02-11T19:42:01 IST" name="tearDown" finished-at="2023-02-11T19:42:01 IST" duration-ms="248" status="PASS">
          <reporter-output>
          </reporter-output>
        </test-method> <!-- tearDown -->
      </class> <!-- com.automation1.testcases.LoginApp -->
    </test> <!-- Default test -->
  </suite> <!-- Default suite -->
</testng-results>
